Using pre-set license
Built from '2020.3/staging' branch; Version is '2020.3.4f1 (0abb6314276a) revision 703331'; Using compiler version '192528614'; Build Type 'Release'
OS: 'Windows 10 Home Single Language; OS build 19043.1348; Version 2009; 64bit' Language: 'ru' Physical Memory: 12174 MB
BatchMode: 1, IsHumanControllingUs: 0, StartBugReporterOnCrash: 0, Is64bit: 1, IsPro: 0

 COMMAND LINE ARGUMENTS:
C:\Unity\2020.3.4f1\Editor\Unity.exe
-adb2
-batchMode
-noUpm
-name
AssetImportWorker0
-projectPath
C:/Unity/Thief
-logFile
Logs/AssetImportWorker0.log
-srvPort
65248
Successfully changed project path to: C:/Unity/Thief
C:/Unity/Thief
Using Asset Import Pipeline V2.
Refreshing native plugins compatible for Editor in 41.28 ms, found 0 plugins.
Preloading 0 native plugins for Editor in 0.00 ms.
Initialize engine version: 2020.3.4f1 (0abb6314276a)
[Subsystems] Discovering subsystems at path C:/Unity/2020.3.4f1/Editor/Data/Resources/UnitySubsystems
[Subsystems] Discovering subsystems at path C:/Unity/Thief/Assets
GfxDevice: creating device client; threaded=0
Direct3D:
    Version:  Direct3D 11.0 [level 11.1]
    Renderer: NVIDIA GeForce GTX 1050 (ID=0x1c8d)
    Vendor:   
    VRAM:     4019 MB
    Driver:   27.21.14.6280
Initialize mono
Mono path[0] = 'C:/Unity/2020.3.4f1/Editor/Data/Managed'
Mono path[1] = 'C:/Unity/2020.3.4f1/Editor/Data/MonoBleedingEdge/lib/mono/unityjit'
Mono config path = 'C:/Unity/2020.3.4f1/Editor/Data/MonoBleedingEdge/etc'
Using monoOptions --debugger-agent=transport=dt_socket,embedding=1,server=y,suspend=n,address=127.0.0.1:56352
Begin MonoManager ReloadAssembly
Registering precompiled unity dll's ...
Register platform support module: C:/Unity/2020.3.4f1/Editor/Data/PlaybackEngines/WindowsStandaloneSupport/UnityEditor.WindowsStandalone.Extensions.dll
Registered in 0.002181 seconds.
Native extension for WindowsStandalone target not found
Refreshing native plugins compatible for Editor in 41.66 ms, found 0 plugins.
Preloading 0 native plugins for Editor in 0.00 ms.
Mono: successfully reloaded assembly
- Completed reload, in  1.264 seconds
Platform modules already initialized, skipping
Registering precompiled user dll's ...
Registered in 0.001492 seconds.
Begin MonoManager ReloadAssembly
Native extension for WindowsStandalone target not found
Refreshing native plugins compatible for Editor in 0.46 ms, found 0 plugins.
Preloading 0 native plugins for Editor in 0.00 ms.
Mono: successfully reloaded assembly
- Completed reload, in  0.850 seconds
Platform modules already initialized, skipping
========================================================================
Worker process is ready to serve import requests
Launched and connected shader compiler UnityShaderCompiler.exe after 0.05 seconds
Refreshing native plugins compatible for Editor in 0.37 ms, found 0 plugins.
Preloading 0 native plugins for Editor in 0.00 ms.
Unloading 1252 Unused Serialized files (Serialized files now loaded: 0)
System memory in use before: 83.2 MB.
System memory in use after: 82.8 MB.

Unloading 12 unused Assets to reduce memory usage. Loaded Objects now: 1714.
Total: 2.533400 ms (FindLiveObjects: 0.179800 ms CreateObjectMapping: 0.037500 ms MarkObjects: 1.917400 ms  DeleteObjects: 0.397700 ms)

========================================================================
Received Import Request.
  path: Assets/Download/JJ_InteriorDoorPack_V1/Prefabs
  artifactKey: Guid(e8812961c0bc5ce4b9e238cf56196acf) Importer(815301076,1909f56bfc062723c751e8b465ee728b)
Start importing Assets/Download/JJ_InteriorDoorPack_V1/Prefabs using Guid(e8812961c0bc5ce4b9e238cf56196acf) Importer(815301076,1909f56bfc062723c751e8b465ee728b)  -> (artifact id: 'db4847ecedaaded38cfe7f8c2bfda236') in 0.007811 seconds
  Import took 0.009960 seconds .

========================================================================
Received Import Request.
  Time since last request: 887.368817 seconds.
  path: Assets/Download/JJ_InteriorDoorPack_V1/Materials
  artifactKey: Guid(640dbfbc4ba03544e83e8868f3126f4f) Importer(815301076,1909f56bfc062723c751e8b465ee728b)
Start importing Assets/Download/JJ_InteriorDoorPack_V1/Materials using Guid(640dbfbc4ba03544e83e8868f3126f4f) Importer(815301076,1909f56bfc062723c751e8b465ee728b)  -> (artifact id: 'b938e369e155b147f6c3a1ddcecb8614') in 0.009995 seconds
  Import took 0.013091 seconds .

========================================================================
Received Import Request.
  Time since last request: 430.815164 seconds.
  path: Assets/Prefabs/jj_door_3_white Variant.prefab
  artifactKey: Guid(8b8788037eb848e41bf91138bf2ac56a) Importer(815301076,1909f56bfc062723c751e8b465ee728b)
Start importing Assets/Prefabs/jj_door_3_white Variant.prefab using Guid(8b8788037eb848e41bf91138bf2ac56a) Importer(815301076,1909f56bfc062723c751e8b465ee728b)  -> (artifact id: 'a3c0034183640b8a380380125c1c0e50') in 0.288205 seconds
  Import took 0.294471 seconds .

========================================================================
Received Import Request.
  Time since last request: 9.865089 seconds.
  path: Assets/Prefabs/jj_door_4_dark Variant.prefab
  artifactKey: Guid(4cfc45e6c056016459d6b37df308dd76) Importer(815301076,1909f56bfc062723c751e8b465ee728b)
Start importing Assets/Prefabs/jj_door_4_dark Variant.prefab using Guid(4cfc45e6c056016459d6b37df308dd76) Importer(815301076,1909f56bfc062723c751e8b465ee728b)  -> (artifact id: '00370fb0eeacf761f8b763e736c4eeba') in 0.070018 seconds
  Import took 0.074840 seconds .

========================================================================
Received Import Request.
  Time since last request: 10.905134 seconds.
  path: Assets/Prefabs/jj_door_4_red Variant.prefab
  artifactKey: Guid(0631bbd9152548c459a1be7da001f458) Importer(815301076,1909f56bfc062723c751e8b465ee728b)
Start importing Assets/Prefabs/jj_door_4_red Variant.prefab using Guid(0631bbd9152548c459a1be7da001f458) Importer(815301076,1909f56bfc062723c751e8b465ee728b)  -> (artifact id: '1ec67ae8caf6792c3f5f21be2ab33b24') in 0.063197 seconds
  Import took 0.067277 seconds .

========================================================================
Received Import Request.
  Time since last request: 0.000548 seconds.
  path: Assets/Prefabs/jj_door_4_red Variant.prefab
  artifactKey: Guid(0631bbd9152548c459a1be7da001f458) Importer(815301076,1909f56bfc062723c751e8b465ee728b)
Start importing Assets/Prefabs/jj_door_4_red Variant.prefab using Guid(0631bbd9152548c459a1be7da001f458) Importer(815301076,1909f56bfc062723c751e8b465ee728b)  -> (artifact id: '1ec67ae8caf6792c3f5f21be2ab33b24') in 0.038188 seconds
  Import took 0.041995 seconds .

========================================================================
Received Import Request.
  Time since last request: 32.192436 seconds.
  path: Assets/Prefabs/jj_door_3_white Variant.prefab
  artifactKey: Guid(8b8788037eb848e41bf91138bf2ac56a) Importer(815301076,1909f56bfc062723c751e8b465ee728b)
Start importing Assets/Prefabs/jj_door_3_white Variant.prefab using Guid(8b8788037eb848e41bf91138bf2ac56a) Importer(815301076,1909f56bfc062723c751e8b465ee728b)  -> (artifact id: '3ba6ca3ad91665a3b91337ef4b584d5c') in 0.005113 seconds
  Import took 0.008387 seconds .

========================================================================
Received Import Request.
  Time since last request: 0.000337 seconds.
  path: Assets/Prefabs/jj_door_4_red Variant.prefab
  artifactKey: Guid(0631bbd9152548c459a1be7da001f458) Importer(815301076,1909f56bfc062723c751e8b465ee728b)
Start importing Assets/Prefabs/jj_door_4_red Variant.prefab using Guid(0631bbd9152548c459a1be7da001f458) Importer(815301076,1909f56bfc062723c751e8b465ee728b)  -> (artifact id: 'e57ed2425c279514465a52d5a9a9846e') in 0.004559 seconds
  Import took 0.007329 seconds .

========================================================================
Received Import Request.
  Time since last request: 0.000606 seconds.
  path: Assets/Prefabs/jj_door_4_dark Variant.prefab
  artifactKey: Guid(4cfc45e6c056016459d6b37df308dd76) Importer(815301076,1909f56bfc062723c751e8b465ee728b)
Start importing Assets/Prefabs/jj_door_4_dark Variant.prefab using Guid(4cfc45e6c056016459d6b37df308dd76) Importer(815301076,1909f56bfc062723c751e8b465ee728b)  -> (artifact id: '1e6c3ecc212ab73c36d1023a1e22b534') in 0.005867 seconds
  Import took 0.008835 seconds .

========================================================================
Received Prepare
Registering precompiled user dll's ...
Registered in 0.001035 seconds.
Begin MonoManager ReloadAssembly
Native extension for WindowsStandalone target not found
Refreshing native plugins compatible for Editor in 0.31 ms, found 0 plugins.
Preloading 0 native plugins for Editor in 0.00 ms.
Mono: successfully reloaded assembly
- Completed reload, in  0.885 seconds
Platform modules already initialized, skipping
Refreshing native plugins compatible for Editor in 0.38 ms, found 0 plugins.
Preloading 0 native plugins for Editor in 0.00 ms.
Unloading 1223 Unused Serialized files (Serialized files now loaded: 0)
System memory in use before: 83.9 MB.
System memory in use after: 83.6 MB.

Unloading 12 unused Assets to reduce memory usage. Loaded Objects now: 1719.
Total: 2.009500 ms (FindLiveObjects: 0.140400 ms CreateObjectMapping: 0.040000 ms MarkObjects: 1.458600 ms  DeleteObjects: 0.369400 ms)

========================================================================
Received Import Request.
  Time since last request: 552.768558 seconds.
  path: Assets/Materials/Materials
  artifactKey: Guid(78854b46ae23e4349b39643cd927ff75) Importer(815301076,1909f56bfc062723c751e8b465ee728b)
Start importing Assets/Materials/Materials using Guid(78854b46ae23e4349b39643cd927ff75) Importer(815301076,1909f56bfc062723c751e8b465ee728b)  -> (artifact id: 'e38dd6f1437f165901a7b8ed058511b9') in 0.046656 seconds
  Import took 0.049801 seconds .

========================================================================
Received Import Request.
  Time since last request: 11.458228 seconds.
  path: Assets/Materials/Textures
  artifactKey: Guid(047ca7c3a9a6deb48affb2403c7ede9f) Importer(815301076,1909f56bfc062723c751e8b465ee728b)
Start importing Assets/Materials/Textures using Guid(047ca7c3a9a6deb48affb2403c7ede9f) Importer(815301076,1909f56bfc062723c751e8b465ee728b)  -> (artifact id: 'ed327ea092d2a8fc50c31a695d289e3d') in 0.010694 seconds
  Import took 0.014529 seconds .

========================================================================
Received Import Request.
  Time since last request: 0.000711 seconds.
  path: Assets/Materials/Textures
  artifactKey: Guid(047ca7c3a9a6deb48affb2403c7ede9f) Importer(815301076,1909f56bfc062723c751e8b465ee728b)
Start importing Assets/Materials/Textures using Guid(047ca7c3a9a6deb48affb2403c7ede9f) Importer(815301076,1909f56bfc062723c751e8b465ee728b)  -> (artifact id: 'ed327ea092d2a8fc50c31a695d289e3d') in 0.003599 seconds
  Import took 0.006707 seconds .

========================================================================
Received Import Request.
  Time since last request: 9.753506 seconds.
  path: Assets/Download/(P&W)Temple_Edition/Prefabs/High_Detailed/Archs/HD_Arch_1A.prefab
  artifactKey: Guid(79b27ecb05c81f746a100f4e7d8d0ccb) Importer(815301076,1909f56bfc062723c751e8b465ee728b)
Start importing Assets/Download/(P&W)Temple_Edition/Prefabs/High_Detailed/Archs/HD_Arch_1A.prefab using Guid(79b27ecb05c81f746a100f4e7d8d0ccb) Importer(815301076,1909f56bfc062723c751e8b465ee728b)  -> (artifact id: 'b274ead3e834f8e83004a628352d9582') in 0.183576 seconds
  Import took 0.186327 seconds .

========================================================================
Received Import Request.
  Time since last request: 0.000332 seconds.
  path: Assets/Download/(P&W)Temple_Edition/Prefabs/High_Detailed/Archs/HD_Arch_2A.prefab
  artifactKey: Guid(f0d3c1d1b057d7b42bdd248cf788fa51) Importer(815301076,1909f56bfc062723c751e8b465ee728b)
Start importing Assets/Download/(P&W)Temple_Edition/Prefabs/High_Detailed/Archs/HD_Arch_2A.prefab using Guid(f0d3c1d1b057d7b42bdd248cf788fa51) Importer(815301076,1909f56bfc062723c751e8b465ee728b)  -> (artifact id: '8df205766d4ff135072c333ff0763704') in 0.017238 seconds
  Import took 0.019455 seconds .

========================================================================
Received Import Request.
  Time since last request: 0.000343 seconds.
  path: Assets/Download/(P&W)Temple_Edition/Prefabs/High_Detailed/Archs/HD_Arch_2B.prefab
  artifactKey: Guid(34620a9cd9f072743bea0e40b0801577) Importer(815301076,1909f56bfc062723c751e8b465ee728b)
Start importing Assets/Download/(P&W)Temple_Edition/Prefabs/High_Detailed/Archs/HD_Arch_2B.prefab using Guid(34620a9cd9f072743bea0e40b0801577) Importer(815301076,1909f56bfc062723c751e8b465ee728b)  -> (artifact id: 'e0dc34bc641a7997e8bb711df99bd3be') in 0.018557 seconds
  Import took 0.020778 seconds .

========================================================================
Received Import Request.
  Time since last request: 0.000298 seconds.
  path: Assets/Download/(P&W)Temple_Edition/Prefabs/High_Detailed/Archs/HD_Tunnel_1C.prefab
  artifactKey: Guid(fd87d5fa99b0145478a0da52d045d96d) Importer(815301076,1909f56bfc062723c751e8b465ee728b)
Start importing Assets/Download/(P&W)Temple_Edition/Prefabs/High_Detailed/Archs/HD_Tunnel_1C.prefab using Guid(fd87d5fa99b0145478a0da52d045d96d) Importer(815301076,1909f56bfc062723c751e8b465ee728b)  -> (artifact id: '585ebb5ddbc4c216ef950756a528734d') in 0.096251 seconds
  Import took 0.098803 seconds .

========================================================================
Received Import Request.
  Time since last request: 0.000331 seconds.
  path: Assets/Download/(P&W)Temple_Edition/Prefabs/High_Detailed/Archs/HD_Tunnel_1D.prefab
  artifactKey: Guid(d4a668cfb2cdaa44f8589f9c07e69164) Importer(815301076,1909f56bfc062723c751e8b465ee728b)
Start importing Assets/Download/(P&W)Temple_Edition/Prefabs/High_Detailed/Archs/HD_Tunnel_1D.prefab using Guid(d4a668cfb2cdaa44f8589f9c07e69164) Importer(815301076,1909f56bfc062723c751e8b465ee728b)  -> (artifact id: '880711ddb148d158b56fa6a1f69160b3') in 0.015967 seconds
  Import took 0.018200 seconds .

========================================================================
Received Import Request.
  Time since last request: 0.000352 seconds.
  path: Assets/Download/(P&W)Temple_Edition/Prefabs/High_Detailed/Archs/HD_Tunnel_Arch_1B.prefab
  artifactKey: Guid(128e269db08b07a45b3de8a4cc44d56e) Importer(815301076,1909f56bfc062723c751e8b465ee728b)
Start importing Assets/Download/(P&W)Temple_Edition/Prefabs/High_Detailed/Archs/HD_Tunnel_Arch_1B.prefab using Guid(128e269db08b07a45b3de8a4cc44d56e) Importer(815301076,1909f56bfc062723c751e8b465ee728b)  -> (artifact id: 'cd5d0b57583a9a62b9a75eefd3e0d79d') in 0.024132 seconds
  Import took 0.026197 seconds .

========================================================================
Received Import Request.
  Time since last request: 0.000350 seconds.
  path: Assets/Download/(P&W)Temple_Edition/Prefabs/High_Detailed/Archs/HD_Tunnel_Arch_1A.prefab
  artifactKey: Guid(5689a8a39a1d97448adea6ec47f87311) Importer(815301076,1909f56bfc062723c751e8b465ee728b)
Start importing Assets/Download/(P&W)Temple_Edition/Prefabs/High_Detailed/Archs/HD_Tunnel_Arch_1A.prefab using Guid(5689a8a39a1d97448adea6ec47f87311) Importer(815301076,1909f56bfc062723c751e8b465ee728b)  -> (artifact id: '0d77c48f092b8d45dc4bfcbc31225dd1') in 0.016606 seconds
  Import took 0.018732 seconds .

========================================================================
Received Import Request.
  Time since last request: 0.000320 seconds.
  path: Assets/Download/(P&W)Temple_Edition/Prefabs/High_Detailed/Archs/HD_Tunnel_Ramp_2B.prefab
  artifactKey: Guid(5836201d327591f48a259958969e89fb) Importer(815301076,1909f56bfc062723c751e8b465ee728b)
Start importing Assets/Download/(P&W)Temple_Edition/Prefabs/High_Detailed/Archs/HD_Tunnel_Ramp_2B.prefab using Guid(5836201d327591f48a259958969e89fb) Importer(815301076,1909f56bfc062723c751e8b465ee728b)  -> (artifact id: 'be7944415e5361fe6eb610124d234357') in 0.028102 seconds
  Import took 0.030187 seconds .

========================================================================
Received Import Request.
  Time since last request: 0.000350 seconds.
  path: Assets/Download/(P&W)Temple_Edition/Prefabs/High_Detailed/Archs/HD_Tunnel_Ramp_1B.prefab
  artifactKey: Guid(07608978fe585c144a4419b3f968ecfd) Importer(815301076,1909f56bfc062723c751e8b465ee728b)
Start importing Assets/Download/(P&W)Temple_Edition/Prefabs/High_Detailed/Archs/HD_Tunnel_Ramp_1B.prefab using Guid(07608978fe585c144a4419b3f968ecfd) Importer(815301076,1909f56bfc062723c751e8b465ee728b)  -> (artifact id: '1b8ae5efbc96a27c5f64caf100777c37') in 0.017951 seconds
  Import took 0.020319 seconds .

========================================================================
Received Import Request.
  Time since last request: 0.000352 seconds.
  path: Assets/Download/(P&W)Temple_Edition/Prefabs/High_Detailed/Archs/HD_Arch_1B.prefab
  artifactKey: Guid(db688fe8c5d51cf4cb850204a7fbc393) Importer(815301076,1909f56bfc062723c751e8b465ee728b)
Start importing Assets/Download/(P&W)Temple_Edition/Prefabs/High_Detailed/Archs/HD_Arch_1B.prefab using Guid(db688fe8c5d51cf4cb850204a7fbc393) Importer(815301076,1909f56bfc062723c751e8b465ee728b)  -> (artifact id: '55f93f3a32bd1e5f2998cdbfa0a41d3d') in 0.023156 seconds
  Import took 0.025922 seconds .

========================================================================
Received Import Request.
  Time since last request: 0.000403 seconds.
  path: Assets/Download/(P&W)Temple_Edition/Prefabs/High_Detailed/Archs/HD_Tunnel_1A.prefab
  artifactKey: Guid(ae63ea3d3efef0f42bace9fcb28c79a0) Importer(815301076,1909f56bfc062723c751e8b465ee728b)
Start importing Assets/Download/(P&W)Temple_Edition/Prefabs/High_Detailed/Archs/HD_Tunnel_1A.prefab using Guid(ae63ea3d3efef0f42bace9fcb28c79a0) Importer(815301076,1909f56bfc062723c751e8b465ee728b)  -> (artifact id: '75f3ac541dd8dbbc36be3a37480bc713') in 0.026173 seconds
  Import took 0.028604 seconds .

========================================================================
Received Import Request.
  Time since last request: 0.000316 seconds.
  path: Assets/Download/(P&W)Temple_Edition/Prefabs/High_Detailed/Archs/HD_Arch_1B.prefab
  artifactKey: Guid(db688fe8c5d51cf4cb850204a7fbc393) Importer(815301076,1909f56bfc062723c751e8b465ee728b)
Start importing Assets/Download/(P&W)Temple_Edition/Prefabs/High_Detailed/Archs/HD_Arch_1B.prefab using Guid(db688fe8c5d51cf4cb850204a7fbc393) Importer(815301076,1909f56bfc062723c751e8b465ee728b)  -> (artifact id: '55f93f3a32bd1e5f2998cdbfa0a41d3d') in 0.034107 seconds
  Import took 0.037484 seconds .

========================================================================
Received Import Request.
  Time since last request: 0.000336 seconds.
  path: Assets/Download/(P&W)Temple_Edition/Prefabs/High_Detailed/Archs/HD_Tunnel_1A.prefab
  artifactKey: Guid(ae63ea3d3efef0f42bace9fcb28c79a0) Importer(815301076,1909f56bfc062723c751e8b465ee728b)
Start importing Assets/Download/(P&W)Temple_Edition/Prefabs/High_Detailed/Archs/HD_Tunnel_1A.prefab using Guid(ae63ea3d3efef0f42bace9fcb28c79a0) Importer(815301076,1909f56bfc062723c751e8b465ee728b)  -> (artifact id: '75f3ac541dd8dbbc36be3a37480bc713') in 0.029854 seconds
  Import took 0.033825 seconds .

========================================================================
Received Import Request.
  Time since last request: 0.000260 seconds.
  path: Assets/Download/(P&W)Temple_Edition/Prefabs/High_Detailed/Archs/HD_Tunnel_1B.prefab
  artifactKey: Guid(79716a57baeb67f458c982c28351d0ed) Importer(815301076,1909f56bfc062723c751e8b465ee728b)
Start importing Assets/Download/(P&W)Temple_Edition/Prefabs/High_Detailed/Archs/HD_Tunnel_1B.prefab using Guid(79716a57baeb67f458c982c28351d0ed) Importer(815301076,1909f56bfc062723c751e8b465ee728b)  -> (artifact id: '15581ef0b5b0922158f55f0e8aae85a2') in 0.019668 seconds
  Import took 0.022451 seconds .

========================================================================
Received Import Request.
  Time since last request: 0.000425 seconds.
  path: Assets/Download/(P&W)Temple_Edition/Prefabs/High_Detailed/Archs/HD_Tunnel_Ramp_3B.prefab
  artifactKey: Guid(121fdc29dbbde9045939e9f3b65d1ef3) Importer(815301076,1909f56bfc062723c751e8b465ee728b)
Start importing Assets/Download/(P&W)Temple_Edition/Prefabs/High_Detailed/Archs/HD_Tunnel_Ramp_3B.prefab using Guid(121fdc29dbbde9045939e9f3b65d1ef3) Importer(815301076,1909f56bfc062723c751e8b465ee728b)  -> (artifact id: '492246f92b3ebb3f9dc2b6d878c7fdd1') in 0.029944 seconds
  Import took 0.032969 seconds .

AssetImportWorkerClient::OnTransportError - code=2 error=End of file
