Using pre-set license
Built from '2020.3/staging' branch; Version is '2020.3.4f1 (0abb6314276a) revision 703331'; Using compiler version '192528614'; Build Type 'Release'
OS: 'Windows 10 Home Single Language; OS build 19043.1348; Version 2009; 64bit' Language: 'ru' Physical Memory: 12174 MB
BatchMode: 1, IsHumanControllingUs: 0, StartBugReporterOnCrash: 0, Is64bit: 1, IsPro: 0

 COMMAND LINE ARGUMENTS:
C:\Unity\2020.3.4f1\Editor\Unity.exe
-adb2
-batchMode
-noUpm
-name
AssetImportWorker0
-projectPath
C:/Unity/Thief
-logFile
Logs/AssetImportWorker0.log
-srvPort
64276
Successfully changed project path to: C:/Unity/Thief
C:/Unity/Thief
Using Asset Import Pipeline V2.
Refreshing native plugins compatible for Editor in 38.19 ms, found 0 plugins.
Preloading 0 native plugins for Editor in 0.00 ms.
Initialize engine version: 2020.3.4f1 (0abb6314276a)
[Subsystems] Discovering subsystems at path C:/Unity/2020.3.4f1/Editor/Data/Resources/UnitySubsystems
[Subsystems] Discovering subsystems at path C:/Unity/Thief/Assets
GfxDevice: creating device client; threaded=0
Direct3D:
    Version:  Direct3D 11.0 [level 11.1]
    Renderer: NVIDIA GeForce GTX 1050 (ID=0x1c8d)
    Vendor:   
    VRAM:     4019 MB
    Driver:   27.21.14.6280
Initialize mono
Mono path[0] = 'C:/Unity/2020.3.4f1/Editor/Data/Managed'
Mono path[1] = 'C:/Unity/2020.3.4f1/Editor/Data/MonoBleedingEdge/lib/mono/unityjit'
Mono config path = 'C:/Unity/2020.3.4f1/Editor/Data/MonoBleedingEdge/etc'
Using monoOptions --debugger-agent=transport=dt_socket,embedding=1,server=y,suspend=n,address=127.0.0.1:56980
Begin MonoManager ReloadAssembly
Registering precompiled unity dll's ...
Register platform support module: C:/Unity/2020.3.4f1/Editor/Data/PlaybackEngines/WindowsStandaloneSupport/UnityEditor.WindowsStandalone.Extensions.dll
Registered in 0.002201 seconds.
Native extension for WindowsStandalone target not found
Refreshing native plugins compatible for Editor in 46.04 ms, found 0 plugins.
Preloading 0 native plugins for Editor in 0.00 ms.
Mono: successfully reloaded assembly
- Completed reload, in  1.291 seconds
Platform modules already initialized, skipping
Registering precompiled user dll's ...
Registered in 0.000919 seconds.
Begin MonoManager ReloadAssembly
Native extension for WindowsStandalone target not found
Refreshing native plugins compatible for Editor in 0.34 ms, found 0 plugins.
Preloading 0 native plugins for Editor in 0.00 ms.
Mono: successfully reloaded assembly
- Completed reload, in  0.972 seconds
Platform modules already initialized, skipping
========================================================================
Worker process is ready to serve import requests
Launched and connected shader compiler UnityShaderCompiler.exe after 0.06 seconds
Refreshing native plugins compatible for Editor in 0.36 ms, found 0 plugins.
Preloading 0 native plugins for Editor in 0.00 ms.
Unloading 1251 Unused Serialized files (Serialized files now loaded: 0)
System memory in use before: 83.0 MB.
System memory in use after: 82.7 MB.

Unloading 12 unused Assets to reduce memory usage. Loaded Objects now: 1713.
Total: 2.692600 ms (FindLiveObjects: 0.190800 ms CreateObjectMapping: 0.106800 ms MarkObjects: 2.026700 ms  DeleteObjects: 0.367100 ms)

========================================================================
Received Import Request.
  path: Assets/Prefabs/Enemy
  artifactKey: Guid(df35e1927c2ced94ab5e67a98a51c38d) Importer(815301076,1909f56bfc062723c751e8b465ee728b)
Start importing Assets/Prefabs/Enemy using Guid(df35e1927c2ced94ab5e67a98a51c38d) Importer(815301076,1909f56bfc062723c751e8b465ee728b)  -> (artifact id: '32706271aeebad252b935158f0f07603') in 0.922642 seconds
  Import took 0.926265 seconds .

========================================================================
Received Import Request.
  Time since last request: 6.852480 seconds.
  path: Assets/Prefabs/Enemy/Ch18_nonPBR.fbx
  artifactKey: Guid(ea1f8e5f4de59f64a925de44169c6884) Importer(815301076,1909f56bfc062723c751e8b465ee728b)
Start importing Assets/Prefabs/Enemy/Ch18_nonPBR.fbx using Guid(ea1f8e5f4de59f64a925de44169c6884) Importer(815301076,1909f56bfc062723c751e8b465ee728b)  -> (artifact id: '58425c6d3f784ddb9b9d1f297e0926fe') in 1.442814 seconds
  Import took 1.445791 seconds .

========================================================================
Received Import Request.
  Time since last request: 5.357023 seconds.
  path: Assets/Prefabs/Enemy/Ch18_nonPBR.fbx
  artifactKey: Guid(ea1f8e5f4de59f64a925de44169c6884) Importer(815301076,1909f56bfc062723c751e8b465ee728b)
Start importing Assets/Prefabs/Enemy/Ch18_nonPBR.fbx using Guid(ea1f8e5f4de59f64a925de44169c6884) Importer(815301076,1909f56bfc062723c751e8b465ee728b)  -> (artifact id: 'fc56ab60b2d168d6aad6ce041765a97e') in 0.052777 seconds
  Import took 0.055494 seconds .

========================================================================
Received Import Request.
  Time since last request: 0.000308 seconds.
  path: Assets/Prefabs/Enemy/Ch18_nonPBR@Warrior Idle.fbx
  artifactKey: Guid(3a08c3b1315aa4545b052369dc92a70e) Importer(815301076,1909f56bfc062723c751e8b465ee728b)
Start importing Assets/Prefabs/Enemy/Ch18_nonPBR@Warrior Idle.fbx using Guid(3a08c3b1315aa4545b052369dc92a70e) Importer(815301076,1909f56bfc062723c751e8b465ee728b)  -> (artifact id: 'ac509f055eb6ef1dac571e6b59e10e9e') in 0.046691 seconds
  Import took 0.048997 seconds .

========================================================================
Received Import Request.
  Time since last request: 63.123568 seconds.
  path: Assets/Prefabs/Enemy/Ch18_nonPBR.fbx
  artifactKey: Guid(ea1f8e5f4de59f64a925de44169c6884) Importer(815301076,1909f56bfc062723c751e8b465ee728b)
Start importing Assets/Prefabs/Enemy/Ch18_nonPBR.fbx using Guid(ea1f8e5f4de59f64a925de44169c6884) Importer(815301076,1909f56bfc062723c751e8b465ee728b)  -> (artifact id: '1cbd993d33da0846ab497e5ae8972966') in 0.264622 seconds
  Import took 0.269737 seconds .

========================================================================
Received Import Request.
  Time since last request: 0.000385 seconds.
  path: Assets/Prefabs/Enemy/Ch18_1001_Glossiness.png
  artifactKey: Guid(a3fafbab42c64864d9f8f7f0efdf6926) Importer(815301076,1909f56bfc062723c751e8b465ee728b)
Start importing Assets/Prefabs/Enemy/Ch18_1001_Glossiness.png using Guid(a3fafbab42c64864d9f8f7f0efdf6926) Importer(815301076,1909f56bfc062723c751e8b465ee728b)  -> (artifact id: '81cdd8e7b258b33a9423adb14308c759') in 0.100268 seconds
  Import took 0.103934 seconds .

========================================================================
Received Import Request.
  Time since last request: 0.000400 seconds.
  path: Assets/Prefabs/Enemy/Ch18_1001_Normal.png
  artifactKey: Guid(a4ab21c319605e94797e5f327ae34e3d) Importer(815301076,1909f56bfc062723c751e8b465ee728b)
Start importing Assets/Prefabs/Enemy/Ch18_1001_Normal.png using Guid(a4ab21c319605e94797e5f327ae34e3d) Importer(815301076,1909f56bfc062723c751e8b465ee728b)  -> (artifact id: '29197e8fd4fc6438bbe9e67df6fffdef') in 0.022080 seconds
  Import took 0.026119 seconds .

========================================================================
Received Import Request.
  Time since last request: 0.000332 seconds.
  path: Assets/Prefabs/Enemy/Ch18_1001_Diffuse.png
  artifactKey: Guid(0251c458008b41c4f9283237f48bddb1) Importer(815301076,1909f56bfc062723c751e8b465ee728b)
Start importing Assets/Prefabs/Enemy/Ch18_1001_Diffuse.png using Guid(0251c458008b41c4f9283237f48bddb1) Importer(815301076,1909f56bfc062723c751e8b465ee728b)  -> (artifact id: '6d1d3c4857396fa4041b33e60654a498') in 0.032208 seconds
  Import took 0.035424 seconds .

========================================================================
Received Import Request.
  Time since last request: 0.000347 seconds.
  path: Assets/Prefabs/Enemy/Ch18_nonPBR@Warrior Idle.fbx
  artifactKey: Guid(3a08c3b1315aa4545b052369dc92a70e) Importer(815301076,1909f56bfc062723c751e8b465ee728b)
Start importing Assets/Prefabs/Enemy/Ch18_nonPBR@Warrior Idle.fbx using Guid(3a08c3b1315aa4545b052369dc92a70e) Importer(815301076,1909f56bfc062723c751e8b465ee728b)  -> (artifact id: 'bad38eaaa60ec355e3c45952dfa47fab') in 0.169323 seconds
  Import took 0.172793 seconds .

========================================================================
Received Import Request.
  Time since last request: 0.000307 seconds.
  path: Assets/Prefabs/Enemy/Ch18_1001_Specular.png
  artifactKey: Guid(d0e17325b50957d4dac635166d38fd32) Importer(815301076,1909f56bfc062723c751e8b465ee728b)
Start importing Assets/Prefabs/Enemy/Ch18_1001_Specular.png using Guid(d0e17325b50957d4dac635166d38fd32) Importer(815301076,1909f56bfc062723c751e8b465ee728b)  -> (artifact id: '316b223e877f827b46989b9bb8af1dac') in 0.015075 seconds
  Import took 0.018180 seconds .

========================================================================
Received Import Request.
  Time since last request: 3.122337 seconds.
  path: Assets/Prefabs/Enemy/Ch18_1001_Normal.png
  artifactKey: Guid(a4ab21c319605e94797e5f327ae34e3d) Importer(815301076,1909f56bfc062723c751e8b465ee728b)
Start importing Assets/Prefabs/Enemy/Ch18_1001_Normal.png using Guid(a4ab21c319605e94797e5f327ae34e3d) Importer(815301076,1909f56bfc062723c751e8b465ee728b)  -> (artifact id: 'a0a5a1297f166f203e6dfa38d82d3f33') in 0.024634 seconds
  Import took 0.027946 seconds .

========================================================================
Received Import Request.
  Time since last request: 3.781290 seconds.
  path: Assets/Prefabs/Enemy/Ch18_nonPBR.fbx
  artifactKey: Guid(ea1f8e5f4de59f64a925de44169c6884) Importer(815301076,1909f56bfc062723c751e8b465ee728b)
Start importing Assets/Prefabs/Enemy/Ch18_nonPBR.fbx using Guid(ea1f8e5f4de59f64a925de44169c6884) Importer(815301076,1909f56bfc062723c751e8b465ee728b)  -> (artifact id: '377cfaf86b2a962314ed69882d7cd116') in 0.113670 seconds
  Import took 0.116690 seconds .

========================================================================
Received Import Request.
  Time since last request: 0.000243 seconds.
  path: Assets/Prefabs/Enemy/Ch18_Body.mat
  artifactKey: Guid(5b2b30c8822584c46aa06c7f5d16022e) Importer(815301076,1909f56bfc062723c751e8b465ee728b)
Start importing Assets/Prefabs/Enemy/Ch18_Body.mat using Guid(5b2b30c8822584c46aa06c7f5d16022e) Importer(815301076,1909f56bfc062723c751e8b465ee728b)  -> (artifact id: '235b1a04f109cd98cc862530828708bb') in 0.123102 seconds
  Import took 0.125395 seconds .

========================================================================
Received Import Request.
  Time since last request: 167.866927 seconds.
  path: ProjectSettings/TagManager.asset
  artifactKey: Guid(00000000000000003000000000000000) Importer(815301076,1909f56bfc062723c751e8b465ee728b)
Start importing ProjectSettings/TagManager.asset using Guid(00000000000000003000000000000000) Importer(815301076,1909f56bfc062723c751e8b465ee728b)  -> (artifact id: '5cdd425f01cf626211dd37e1af0dc49e') in 0.011473 seconds
  Import took 0.014215 seconds .

========================================================================
Received Prepare
Registering precompiled user dll's ...
Registered in 0.000921 seconds.
Begin MonoManager ReloadAssembly
Native extension for WindowsStandalone target not found
Refreshing native plugins compatible for Editor in 0.35 ms, found 0 plugins.
Preloading 0 native plugins for Editor in 0.00 ms.
Mono: successfully reloaded assembly
- Completed reload, in  0.929 seconds
Platform modules already initialized, skipping
Refreshing native plugins compatible for Editor in 0.35 ms, found 0 plugins.
Preloading 0 native plugins for Editor in 0.00 ms.
Unloading 1227 Unused Serialized files (Serialized files now loaded: 0)
System memory in use before: 98.2 MB.
System memory in use after: 97.9 MB.

Unloading 8 unused Assets to reduce memory usage. Loaded Objects now: 1763.
Total: 2.487800 ms (FindLiveObjects: 0.224100 ms CreateObjectMapping: 0.039000 ms MarkObjects: 1.800600 ms  DeleteObjects: 0.423100 ms)

========================================================================
Received Import Request.
  Time since last request: 165.628098 seconds.
  path: Assets/Prefabs/Enemy/Ch18_nonPBR.fbx
  artifactKey: Guid(ea1f8e5f4de59f64a925de44169c6884) Importer(815301076,1909f56bfc062723c751e8b465ee728b)
Start importing Assets/Prefabs/Enemy/Ch18_nonPBR.fbx using Guid(ea1f8e5f4de59f64a925de44169c6884) Importer(815301076,1909f56bfc062723c751e8b465ee728b)  -> (artifact id: '7f43de5eb0d455fc79ced7c1db752269') in 0.108157 seconds
  Import took 0.112611 seconds .

========================================================================
Received Import Request.
  Time since last request: 22.406370 seconds.
  path: Assets/Animations/Ch18_nonPBR@Warrior Idle.fbx
  artifactKey: Guid(3a08c3b1315aa4545b052369dc92a70e) Importer(815301076,1909f56bfc062723c751e8b465ee728b)
Start importing Assets/Animations/Ch18_nonPBR@Warrior Idle.fbx using Guid(3a08c3b1315aa4545b052369dc92a70e) Importer(815301076,1909f56bfc062723c751e8b465ee728b)  -> (artifact id: 'e5f7d5a65705a79f8d7e93eaad14c892') in 0.118498 seconds
  Import took 0.121438 seconds .

========================================================================
Received Import Request.
  Time since last request: 11.347806 seconds.
  path: Assets/Animations/Security
  artifactKey: Guid(5cfb0848615076342b8a72c8239dc522) Importer(815301076,1909f56bfc062723c751e8b465ee728b)
Start importing Assets/Animations/Security using Guid(5cfb0848615076342b8a72c8239dc522) Importer(815301076,1909f56bfc062723c751e8b465ee728b)  -> (artifact id: '48d51aca06020e5d00bc0bfa7682e0a0') in 0.010453 seconds
  Import took 0.014670 seconds .

========================================================================
Received Import Request.
  Time since last request: 10.839130 seconds.
  path: Assets/Animations/Leonard
  artifactKey: Guid(1e3aae15d5d1ede4391905e4520e4e8c) Importer(815301076,1909f56bfc062723c751e8b465ee728b)
Start importing Assets/Animations/Leonard using Guid(1e3aae15d5d1ede4391905e4520e4e8c) Importer(815301076,1909f56bfc062723c751e8b465ee728b)  -> (artifact id: 'abb34014ddc3bee86b0f7f74298ace05') in 0.009789 seconds
  Import took 0.013222 seconds .

========================================================================
Received Prepare
Registering precompiled user dll's ...
Registered in 0.000761 seconds.
Begin MonoManager ReloadAssembly
Native extension for WindowsStandalone target not found
Refreshing native plugins compatible for Editor in 0.46 ms, found 0 plugins.
Preloading 0 native plugins for Editor in 0.00 ms.
Mono: successfully reloaded assembly
- Completed reload, in  1.061 seconds
Platform modules already initialized, skipping
Refreshing native plugins compatible for Editor in 0.36 ms, found 0 plugins.
Preloading 0 native plugins for Editor in 0.00 ms.
Unloading 1227 Unused Serialized files (Serialized files now loaded: 0)
System memory in use before: 98.2 MB.
System memory in use after: 98.0 MB.

Unloading 7 unused Assets to reduce memory usage. Loaded Objects now: 1767.
Total: 2.339000 ms (FindLiveObjects: 0.169100 ms CreateObjectMapping: 0.040000 ms MarkObjects: 1.710900 ms  DeleteObjects: 0.399700 ms)

========================================================================
Received Import Request.
  Time since last request: 38.566723 seconds.
  path: Assets/Animations/Security/Security1.controller
  artifactKey: Guid(af2b5cf2657100d4a8b31273ecf92630) Importer(815301076,1909f56bfc062723c751e8b465ee728b)
Start importing Assets/Animations/Security/Security1.controller using Guid(af2b5cf2657100d4a8b31273ecf92630) Importer(815301076,1909f56bfc062723c751e8b465ee728b)  -> (artifact id: 'b46ae7345817dfdf38761969f1618e9b') in 0.020575 seconds
  Import took 0.023012 seconds .

========================================================================
Received Prepare
Registering precompiled user dll's ...
Registered in 0.000802 seconds.
Begin MonoManager ReloadAssembly
Native extension for WindowsStandalone target not found
Refreshing native plugins compatible for Editor in 0.64 ms, found 0 plugins.
Preloading 0 native plugins for Editor in 0.00 ms.
Mono: successfully reloaded assembly
- Completed reload, in  8.329 seconds
Platform modules already initialized, skipping
Refreshing native plugins compatible for Editor in 0.38 ms, found 0 plugins.
Preloading 0 native plugins for Editor in 0.00 ms.
Unloading 1227 Unused Serialized files (Serialized files now loaded: 0)
System memory in use before: 98.3 MB.
System memory in use after: 98.0 MB.

Unloading 7 unused Assets to reduce memory usage. Loaded Objects now: 1770.
Total: 2.799800 ms (FindLiveObjects: 0.275000 ms CreateObjectMapping: 0.063200 ms MarkObjects: 2.067800 ms  DeleteObjects: 0.392200 ms)

========================================================================
Received Import Request.
  Time since last request: 150.966892 seconds.
  path: Assets/Prefabs/Enemy/Security Variant.prefab
  artifactKey: Guid(8a508a80efb5d2f41add26700344feef) Importer(815301076,1909f56bfc062723c751e8b465ee728b)
Start importing Assets/Prefabs/Enemy/Security Variant.prefab using Guid(8a508a80efb5d2f41add26700344feef) Importer(815301076,1909f56bfc062723c751e8b465ee728b) The Animator Controller (Security1) you have used is not valid. Animations will not play
UnityEngine.StackTraceUtility:ExtractStackTrace ()
UnityEditor.EditorUtility:Internal_InstantiateRemoveAllNonAnimationComponentsSingle (UnityEngine.Object,UnityEngine.Vector3,UnityEngine.Quaternion)
UnityEditor.EditorUtility:InstantiateRemoveAllNonAnimationComponents (UnityEngine.Object,UnityEngine.Vector3,UnityEngine.Quaternion)
UnityEditor.EditorUtility:InstantiateForAnimatorPreview (UnityEngine.Object)
UnityEditor.GameObjectInspector/PreviewData:UpdateGameObject (UnityEngine.Object)
UnityEditor.GameObjectInspector/PreviewData:.ctor (UnityEngine.Object)
UnityEditor.GameObjectInspector:GetPreviewData ()
UnityEditor.GameObjectInspector:RenderStaticPreview (string,UnityEngine.Object[],int,int)
UnityEditor.AssetPreviewUpdater:CreatePreviewForAsset (UnityEngine.Object,UnityEngine.Object[],string)

[C:\buildslave\unity\build\Modules/Animation/Director/AnimatorControllerPlayable.cpp line 333]

The Animator Controller (Security1) you have used is not valid. Animations will not play
UnityEngine.StackTraceUtility:ExtractStackTrace ()
UnityEditor.EditorUtility:InitInstantiatedPreviewRecursive (UnityEngine.GameObject)
UnityEditor.EditorUtility:InstantiateForAnimatorPreview (UnityEngine.Object)
UnityEditor.GameObjectInspector/PreviewData:UpdateGameObject (UnityEngine.Object)
UnityEditor.GameObjectInspector/PreviewData:.ctor (UnityEngine.Object)
UnityEditor.GameObjectInspector:GetPreviewData ()
UnityEditor.GameObjectInspector:RenderStaticPreview (string,UnityEngine.Object[],int,int)
UnityEditor.AssetPreviewUpdater:CreatePreviewForAsset (UnityEngine.Object,UnityEngine.Object[],string)

[C:\buildslave\unity\build\Modules/Animation/Director/AnimatorControllerPlayable.cpp line 333]

 -> (artifact id: '64f0ab485b79279c73b379f06ca05fa1') in 0.194596 seconds
  Import took 0.198532 seconds .

========================================================================
Received Prepare
Registering precompiled user dll's ...
Registered in 0.000839 seconds.
Begin MonoManager ReloadAssembly
Native extension for WindowsStandalone target not found
Refreshing native plugins compatible for Editor in 0.35 ms, found 0 plugins.
Preloading 0 native plugins for Editor in 0.00 ms.
Mono: successfully reloaded assembly
- Completed reload, in  0.832 seconds
Platform modules already initialized, skipping
Refreshing native plugins compatible for Editor in 0.35 ms, found 0 plugins.
Preloading 0 native plugins for Editor in 0.00 ms.
Unloading 1228 Unused Serialized files (Serialized files now loaded: 0)
System memory in use before: 98.5 MB.
System memory in use after: 98.2 MB.

Unloading 7 unused Assets to reduce memory usage. Loaded Objects now: 1775.
Total: 4.147300 ms (FindLiveObjects: 0.449700 ms CreateObjectMapping: 0.088700 ms MarkObjects: 2.919100 ms  DeleteObjects: 0.688200 ms)

========================================================================
Received Import Request.
  Time since last request: 201.306439 seconds.
  path: Assets/Scripts/SpawnSecurity.cs
  artifactKey: Guid(21efc134a9e82394ab4aef6a19ace177) Importer(815301076,1909f56bfc062723c751e8b465ee728b)
Start importing Assets/Scripts/SpawnSecurity.cs using Guid(21efc134a9e82394ab4aef6a19ace177) Importer(815301076,1909f56bfc062723c751e8b465ee728b)  -> (artifact id: 'c91cfbd06a40e431604352dce6b5e8e0') in 0.082031 seconds
  Import took 0.085698 seconds .

========================================================================
Received Prepare
Registering precompiled user dll's ...
Registered in 0.001199 seconds.
Begin MonoManager ReloadAssembly
Native extension for WindowsStandalone target not found
Refreshing native plugins compatible for Editor in 0.42 ms, found 0 plugins.
Preloading 0 native plugins for Editor in 0.00 ms.
Mono: successfully reloaded assembly
- Completed reload, in  0.866 seconds
Platform modules already initialized, skipping
Refreshing native plugins compatible for Editor in 0.35 ms, found 0 plugins.
Preloading 0 native plugins for Editor in 0.00 ms.
Unloading 1228 Unused Serialized files (Serialized files now loaded: 0)
System memory in use before: 98.3 MB.
System memory in use after: 98.1 MB.

Unloading 7 unused Assets to reduce memory usage. Loaded Objects now: 1778.
Total: 3.057400 ms (FindLiveObjects: 0.529200 ms CreateObjectMapping: 0.054600 ms MarkObjects: 2.032400 ms  DeleteObjects: 0.439600 ms)

========================================================================
Received Prepare
Registering precompiled user dll's ...
Registered in 0.001162 seconds.
Begin MonoManager ReloadAssembly
Native extension for WindowsStandalone target not found
Refreshing native plugins compatible for Editor in 0.57 ms, found 0 plugins.
Preloading 0 native plugins for Editor in 0.00 ms.
Mono: successfully reloaded assembly
- Completed reload, in  0.902 seconds
Platform modules already initialized, skipping
Refreshing native plugins compatible for Editor in 0.37 ms, found 0 plugins.
Preloading 0 native plugins for Editor in 0.00 ms.
Unloading 1228 Unused Serialized files (Serialized files now loaded: 0)
System memory in use before: 98.3 MB.
System memory in use after: 98.1 MB.

Unloading 7 unused Assets to reduce memory usage. Loaded Objects now: 1781.
Total: 2.376800 ms (FindLiveObjects: 0.170500 ms CreateObjectMapping: 0.047500 ms MarkObjects: 1.708600 ms  DeleteObjects: 0.448800 ms)

========================================================================
Received Import Request.
  Time since last request: 750.503511 seconds.
  path: Assets/Scripts/SpawnSecurity.cs
  artifactKey: Guid(21efc134a9e82394ab4aef6a19ace177) Importer(815301076,1909f56bfc062723c751e8b465ee728b)
Start importing Assets/Scripts/SpawnSecurity.cs using Guid(21efc134a9e82394ab4aef6a19ace177) Importer(815301076,1909f56bfc062723c751e8b465ee728b)  -> (artifact id: '0d8111abc64d3bc5daea25c98ba334f4') in 0.004534 seconds
  Import took 0.006921 seconds .

========================================================================
Received Prepare
Registering precompiled user dll's ...
Registered in 0.000950 seconds.
Begin MonoManager ReloadAssembly
Native extension for WindowsStandalone target not found
Refreshing native plugins compatible for Editor in 0.36 ms, found 0 plugins.
Preloading 0 native plugins for Editor in 0.00 ms.
Mono: successfully reloaded assembly
- Completed reload, in  0.846 seconds
Platform modules already initialized, skipping
Refreshing native plugins compatible for Editor in 0.35 ms, found 0 plugins.
Preloading 0 native plugins for Editor in 0.00 ms.
Unloading 1228 Unused Serialized files (Serialized files now loaded: 0)
System memory in use before: 98.4 MB.
System memory in use after: 98.1 MB.

Unloading 7 unused Assets to reduce memory usage. Loaded Objects now: 1784.
Total: 2.618100 ms (FindLiveObjects: 0.268200 ms CreateObjectMapping: 0.118100 ms MarkObjects: 1.775900 ms  DeleteObjects: 0.454900 ms)

========================================================================
Received Prepare
Registering precompiled user dll's ...
Registered in 0.001229 seconds.
Begin MonoManager ReloadAssembly
Native extension for WindowsStandalone target not found
Refreshing native plugins compatible for Editor in 0.34 ms, found 0 plugins.
Preloading 0 native plugins for Editor in 0.00 ms.
Mono: successfully reloaded assembly
- Completed reload, in  0.855 seconds
Platform modules already initialized, skipping
Refreshing native plugins compatible for Editor in 0.36 ms, found 0 plugins.
Preloading 0 native plugins for Editor in 0.00 ms.
Unloading 1228 Unused Serialized files (Serialized files now loaded: 0)
System memory in use before: 98.3 MB.
System memory in use after: 98.1 MB.

Unloading 7 unused Assets to reduce memory usage. Loaded Objects now: 1787.
Total: 2.811800 ms (FindLiveObjects: 0.167500 ms CreateObjectMapping: 0.045600 ms MarkObjects: 2.177900 ms  DeleteObjects: 0.419000 ms)

========================================================================
Received Import Request.
  Time since last request: 161.130357 seconds.
  path: Assets/Prefabs/Enemy/Security Variant.prefab
  artifactKey: Guid(8a508a80efb5d2f41add26700344feef) Importer(815301076,1909f56bfc062723c751e8b465ee728b)
Start importing Assets/Prefabs/Enemy/Security Variant.prefab using Guid(8a508a80efb5d2f41add26700344feef) Importer(815301076,1909f56bfc062723c751e8b465ee728b) The Animator Controller (Security1) you have used is not valid. Animations will not play
UnityEngine.StackTraceUtility:ExtractStackTrace ()
UnityEditor.EditorUtility:Internal_InstantiateRemoveAllNonAnimationComponentsSingle (UnityEngine.Object,UnityEngine.Vector3,UnityEngine.Quaternion)
UnityEditor.EditorUtility:InstantiateRemoveAllNonAnimationComponents (UnityEngine.Object,UnityEngine.Vector3,UnityEngine.Quaternion)
UnityEditor.EditorUtility:InstantiateForAnimatorPreview (UnityEngine.Object)
UnityEditor.GameObjectInspector/PreviewData:UpdateGameObject (UnityEngine.Object)
UnityEditor.GameObjectInspector/PreviewData:.ctor (UnityEngine.Object)
UnityEditor.GameObjectInspector:GetPreviewData ()
UnityEditor.GameObjectInspector:RenderStaticPreview (string,UnityEngine.Object[],int,int)
UnityEditor.AssetPreviewUpdater:CreatePreviewForAsset (UnityEngine.Object,UnityEngine.Object[],string)

[C:\buildslave\unity\build\Modules/Animation/Director/AnimatorControllerPlayable.cpp line 333]

The Animator Controller (Security1) you have used is not valid. Animations will not play
UnityEngine.StackTraceUtility:ExtractStackTrace ()
UnityEditor.EditorUtility:InitInstantiatedPreviewRecursive (UnityEngine.GameObject)
UnityEditor.EditorUtility:InstantiateForAnimatorPreview (UnityEngine.Object)
UnityEditor.GameObjectInspector/PreviewData:UpdateGameObject (UnityEngine.Object)
UnityEditor.GameObjectInspector/PreviewData:.ctor (UnityEngine.Object)
UnityEditor.GameObjectInspector:GetPreviewData ()
UnityEditor.GameObjectInspector:RenderStaticPreview (string,UnityEngine.Object[],int,int)
UnityEditor.AssetPreviewUpdater:CreatePreviewForAsset (UnityEngine.Object,UnityEngine.Object[],string)

[C:\buildslave\unity\build\Modules/Animation/Director/AnimatorControllerPlayable.cpp line 333]

 -> (artifact id: '26c029b09180765a0e542394e0ccd303') in 0.096544 seconds
  Import took 0.099544 seconds .

========================================================================
Received Import Request.
  Time since last request: 6.255338 seconds.
  path: Assets/Prefabs/Enemy/Security Variant.prefab
  artifactKey: Guid(8a508a80efb5d2f41add26700344feef) Importer(815301076,1909f56bfc062723c751e8b465ee728b)
Start importing Assets/Prefabs/Enemy/Security Variant.prefab using Guid(8a508a80efb5d2f41add26700344feef) Importer(815301076,1909f56bfc062723c751e8b465ee728b) The Animator Controller (Security1) you have used is not valid. Animations will not play
UnityEngine.StackTraceUtility:ExtractStackTrace ()
UnityEditor.EditorUtility:Internal_InstantiateRemoveAllNonAnimationComponentsSingle (UnityEngine.Object,UnityEngine.Vector3,UnityEngine.Quaternion)
UnityEditor.EditorUtility:InstantiateRemoveAllNonAnimationComponents (UnityEngine.Object,UnityEngine.Vector3,UnityEngine.Quaternion)
UnityEditor.EditorUtility:InstantiateForAnimatorPreview (UnityEngine.Object)
UnityEditor.GameObjectInspector/PreviewData:UpdateGameObject (UnityEngine.Object)
UnityEditor.GameObjectInspector/PreviewData:.ctor (UnityEngine.Object)
UnityEditor.GameObjectInspector:GetPreviewData ()
UnityEditor.GameObjectInspector:RenderStaticPreview (string,UnityEngine.Object[],int,int)
UnityEditor.AssetPreviewUpdater:CreatePreviewForAsset (UnityEngine.Object,UnityEngine.Object[],string)

[C:\buildslave\unity\build\Modules/Animation/Director/AnimatorControllerPlayable.cpp line 333]

The Animator Controller (Security1) you have used is not valid. Animations will not play
UnityEngine.StackTraceUtility:ExtractStackTrace ()
UnityEditor.EditorUtility:InitInstantiatedPreviewRecursive (UnityEngine.GameObject)
UnityEditor.EditorUtility:InstantiateForAnimatorPreview (UnityEngine.Object)
UnityEditor.GameObjectInspector/PreviewData:UpdateGameObject (UnityEngine.Object)
UnityEditor.GameObjectInspector/PreviewData:.ctor (UnityEngine.Object)
UnityEditor.GameObjectInspector:GetPreviewData ()
UnityEditor.GameObjectInspector:RenderStaticPreview (string,UnityEngine.Object[],int,int)
UnityEditor.AssetPreviewUpdater:CreatePreviewForAsset (UnityEngine.Object,UnityEngine.Object[],string)

[C:\buildslave\unity\build\Modules/Animation/Director/AnimatorControllerPlayable.cpp line 333]

 -> (artifact id: 'b873c086d03788c3fff48cd9bdb48caa') in 0.053711 seconds
  Import took 0.057500 seconds .

========================================================================
Received Import Request.
  Time since last request: 16.598006 seconds.
  path: Assets/Prefabs/Enemy/Security Variant.prefab
  artifactKey: Guid(8a508a80efb5d2f41add26700344feef) Importer(815301076,1909f56bfc062723c751e8b465ee728b)
Start importing Assets/Prefabs/Enemy/Security Variant.prefab using Guid(8a508a80efb5d2f41add26700344feef) Importer(815301076,1909f56bfc062723c751e8b465ee728b) The Animator Controller (Security1) you have used is not valid. Animations will not play
UnityEngine.StackTraceUtility:ExtractStackTrace ()
UnityEditor.EditorUtility:Internal_InstantiateRemoveAllNonAnimationComponentsSingle (UnityEngine.Object,UnityEngine.Vector3,UnityEngine.Quaternion)
UnityEditor.EditorUtility:InstantiateRemoveAllNonAnimationComponents (UnityEngine.Object,UnityEngine.Vector3,UnityEngine.Quaternion)
UnityEditor.EditorUtility:InstantiateForAnimatorPreview (UnityEngine.Object)
UnityEditor.GameObjectInspector/PreviewData:UpdateGameObject (UnityEngine.Object)
UnityEditor.GameObjectInspector/PreviewData:.ctor (UnityEngine.Object)
UnityEditor.GameObjectInspector:GetPreviewData ()
UnityEditor.GameObjectInspector:RenderStaticPreview (string,UnityEngine.Object[],int,int)
UnityEditor.AssetPreviewUpdater:CreatePreviewForAsset (UnityEngine.Object,UnityEngine.Object[],string)

[C:\buildslave\unity\build\Modules/Animation/Director/AnimatorControllerPlayable.cpp line 333]

The Animator Controller (Security1) you have used is not valid. Animations will not play
UnityEngine.StackTraceUtility:ExtractStackTrace ()
UnityEditor.EditorUtility:InitInstantiatedPreviewRecursive (UnityEngine.GameObject)
UnityEditor.EditorUtility:InstantiateForAnimatorPreview (UnityEngine.Object)
UnityEditor.GameObjectInspector/PreviewData:UpdateGameObject (UnityEngine.Object)
UnityEditor.GameObjectInspector/PreviewData:.ctor (UnityEngine.Object)
UnityEditor.GameObjectInspector:GetPreviewData ()
UnityEditor.GameObjectInspector:RenderStaticPreview (string,UnityEngine.Object[],int,int)
UnityEditor.AssetPreviewUpdater:CreatePreviewForAsset (UnityEngine.Object,UnityEngine.Object[],string)

[C:\buildslave\unity\build\Modules/Animation/Director/AnimatorControllerPlayable.cpp line 333]

 -> (artifact id: '397ea3ee1996e9de29e3ddd0693fef19') in 0.074327 seconds
  Import took 0.077305 seconds .

========================================================================
Received Prepare
Registering precompiled user dll's ...
Registered in 0.001068 seconds.
Begin MonoManager ReloadAssembly
Native extension for WindowsStandalone target not found
Refreshing native plugins compatible for Editor in 0.35 ms, found 0 plugins.
Preloading 0 native plugins for Editor in 0.00 ms.
Mono: successfully reloaded assembly
- Completed reload, in  0.881 seconds
Platform modules already initialized, skipping
Refreshing native plugins compatible for Editor in 0.37 ms, found 0 plugins.
Preloading 0 native plugins for Editor in 0.00 ms.
Unloading 1228 Unused Serialized files (Serialized files now loaded: 0)
System memory in use before: 98.4 MB.
System memory in use after: 98.1 MB.

Unloading 7 unused Assets to reduce memory usage. Loaded Objects now: 1791.
Total: 3.595400 ms (FindLiveObjects: 0.378600 ms CreateObjectMapping: 0.094600 ms MarkObjects: 2.478200 ms  DeleteObjects: 0.641700 ms)

========================================================================
Received Prepare
Registering precompiled user dll's ...
Registered in 0.000987 seconds.
Begin MonoManager ReloadAssembly
Native extension for WindowsStandalone target not found
Refreshing native plugins compatible for Editor in 0.35 ms, found 0 plugins.
Preloading 0 native plugins for Editor in 0.00 ms.
Mono: successfully reloaded assembly
- Completed reload, in  0.833 seconds
Platform modules already initialized, skipping
Refreshing native plugins compatible for Editor in 0.36 ms, found 0 plugins.
Preloading 0 native plugins for Editor in 0.00 ms.
Unloading 1228 Unused Serialized files (Serialized files now loaded: 0)
System memory in use before: 98.4 MB.
System memory in use after: 98.1 MB.

Unloading 7 unused Assets to reduce memory usage. Loaded Objects now: 1794.
Total: 2.586100 ms (FindLiveObjects: 0.403600 ms CreateObjectMapping: 0.066600 ms MarkObjects: 1.656100 ms  DeleteObjects: 0.458700 ms)

AssetImportWorkerClient::OnTransportError - code=2 error=End of file
